<?xml version="1.0" encoding="UTF-8" ?>
<testsuite failures="0" time="2.009" errors="0" skipped="0" tests="1" name="trail.rest.TrailApplicationTest">
  <properties>
    <property name="java.runtime.name" value="Java(TM) SE Runtime Environment"/>
    <property name="sun.boot.library.path" value="/System/Library/Java/JavaVirtualMachines/1.6.0.jdk/Contents/Libraries"/>
    <property name="java.vm.version" value="20.8-b03-424"/>
    <property name="awt.nativeDoubleBuffering" value="true"/>
    <property name="gopherProxySet" value="false"/>
    <property name="mrj.build" value="11M3720"/>
    <property name="java.vm.vendor" value="Apple Inc."/>
    <property name="java.vendor.url" value="http://www.apple.com/"/>
    <property name="path.separator" value=":"/>
    <property name="java.vm.name" value="Java HotSpot(TM) 64-Bit Server VM"/>
    <property name="file.encoding.pkg" value="sun.io"/>
    <property name="user.country" value="US"/>
    <property name="sun.java.launcher" value="SUN_STANDARD"/>
    <property name="sun.os.patch.level" value="unknown"/>
    <property name="java.vm.specification.name" value="Java Virtual Machine Specification"/>
    <property name="user.dir" value="/Users/gokhangorali/workspace/trail"/>
    <property name="java.runtime.version" value="1.6.0_33-b03-424-11M3720"/>
    <property name="java.awt.graphicsenv" value="apple.awt.CGraphicsEnvironment"/>
    <property name="basedir" value="/Users/gokhangorali/workspace/trail"/>
    <property name="java.endorsed.dirs" value="/System/Library/Java/JavaVirtualMachines/1.6.0.jdk/Contents/Home/lib/endorsed"/>
    <property name="os.arch" value="x86_64"/>
    <property name="surefire.real.class.path" value="/Users/gokhangorali/workspace/trail/target/surefire/surefirebooter1273412412204900064.jar"/>
    <property name="java.io.tmpdir" value="/var/folders/p2/0cxddz653t311lrdy4sz6l7m0000gn/T/"/>
    <property name="line.separator" value="
"/>
    <property name="java.vm.specification.vendor" value="Sun Microsystems Inc."/>
    <property name="os.name" value="Mac OS X"/>
    <property name="sun.jnu.encoding" value="MacRoman"/>
    <property name="java.library.path" value=".:/Library/Java/Extensions:/System/Library/Java/Extensions:/usr/lib/java"/>
    <property name="surefire.test.class.path" value="/Users/gokhangorali/workspace/trail/target/test-classes:/Users/gokhangorali/workspace/trail/target/classes:/Users/gokhangorali/.m2/repository/javax/ws/rs/javax.ws.rs-api/2.0/javax.ws.rs-api-2.0.jar:/Users/gokhangorali/.m2/repository/org/glassfish/jersey/containers/jersey-container-servlet/2.4.1/jersey-container-servlet-2.4.1.jar:/Users/gokhangorali/.m2/repository/org/glassfish/jersey/core/jersey-common/2.4.1/jersey-common-2.4.1.jar:/Users/gokhangorali/.m2/repository/javax/annotation/javax.annotation-api/1.2/javax.annotation-api-1.2.jar:/Users/gokhangorali/.m2/repository/org/glassfish/hk2/osgi-resource-locator/1.0.1/osgi-resource-locator-1.0.1.jar:/Users/gokhangorali/.m2/repository/org/glassfish/jersey/core/jersey-server/2.4.1/jersey-server-2.4.1.jar:/Users/gokhangorali/.m2/repository/javax/validation/validation-api/1.1.0.Final/validation-api-1.1.0.Final.jar:/Users/gokhangorali/.m2/repository/org/glassfish/jersey/containers/jersey-container-servlet-core/2.4.1/jersey-container-servlet-core-2.4.1.jar:/Users/gokhangorali/.m2/repository/org/glassfish/hk2/external/javax.inject/2.2.0-b21/javax.inject-2.2.0-b21.jar:/Users/gokhangorali/.m2/repository/org/glassfish/jersey/core/jersey-client/2.4.1/jersey-client-2.4.1.jar:/Users/gokhangorali/.m2/repository/com/google/guava/guava/14.0.1/guava-14.0.1.jar:/Users/gokhangorali/.m2/repository/org/glassfish/hk2/hk2-api/2.2.0-b21/hk2-api-2.2.0-b21.jar:/Users/gokhangorali/.m2/repository/org/glassfish/hk2/hk2-utils/2.2.0-b21/hk2-utils-2.2.0-b21.jar:/Users/gokhangorali/.m2/repository/org/glassfish/hk2/hk2-locator/2.2.0-b21/hk2-locator-2.2.0-b21.jar:/Users/gokhangorali/.m2/repository/org/glassfish/hk2/external/asm-all-repackaged/2.2.0-b21/asm-all-repackaged-2.2.0-b21.jar:/Users/gokhangorali/.m2/repository/org/glassfish/hk2/external/cglib/2.2.0-b21/cglib-2.2.0-b21.jar:/Users/gokhangorali/.m2/repository/org/glassfish/jersey/media/jersey-media-moxy/2.4.1/jersey-media-moxy-2.4.1.jar:/Users/gokhangorali/.m2/repository/org/glassfish/jersey/ext/jersey-entity-filtering/2.4.1/jersey-entity-filtering-2.4.1.jar:/Users/gokhangorali/.m2/repository/org/eclipse/persistence/org.eclipse.persistence.moxy/2.5.0/org.eclipse.persistence.moxy-2.5.0.jar:/Users/gokhangorali/.m2/repository/org/eclipse/persistence/org.eclipse.persistence.core/2.5.0/org.eclipse.persistence.core-2.5.0.jar:/Users/gokhangorali/.m2/repository/org/eclipse/persistence/org.eclipse.persistence.asm/2.5.0/org.eclipse.persistence.asm-2.5.0.jar:/Users/gokhangorali/.m2/repository/org/eclipse/persistence/org.eclipse.persistence.antlr/2.5.0/org.eclipse.persistence.antlr-2.5.0.jar:/Users/gokhangorali/.m2/repository/org/glassfish/jersey/test-framework/providers/jersey-test-framework-provider-grizzly2/2.4.1/jersey-test-framework-provider-grizzly2-2.4.1.jar:/Users/gokhangorali/.m2/repository/org/glassfish/jersey/test-framework/jersey-test-framework-core/2.4.1/jersey-test-framework-core-2.4.1.jar:/Users/gokhangorali/.m2/repository/org/glassfish/jersey/containers/jersey-container-grizzly2-http/2.4.1/jersey-container-grizzly2-http-2.4.1.jar:/Users/gokhangorali/.m2/repository/org/glassfish/grizzly/grizzly-http-server/2.3.3/grizzly-http-server-2.3.3.jar:/Users/gokhangorali/.m2/repository/org/glassfish/grizzly/grizzly-http/2.3.3/grizzly-http-2.3.3.jar:/Users/gokhangorali/.m2/repository/org/glassfish/grizzly/grizzly-framework/2.3.3/grizzly-framework-2.3.3.jar:/Users/gokhangorali/.m2/repository/org/glassfish/grizzly/grizzly-rcm/2.3.3/grizzly-rcm-2.3.3.jar:/Users/gokhangorali/.m2/repository/org/glassfish/jersey/test-framework/providers/jersey-test-framework-provider-inmemory/2.4.1/jersey-test-framework-provider-inmemory-2.4.1.jar:/Users/gokhangorali/.m2/repository/org/glassfish/jersey/test-framework/providers/jersey-test-framework-provider-external/2.4.1/jersey-test-framework-provider-external-2.4.1.jar:/Users/gokhangorali/.m2/repository/org/glassfish/jersey/test-framework/providers/jersey-test-framework-provider-default-client/2.4.1/jersey-test-framework-provider-default-client-2.4.1.jar:/Users/gokhangorali/.m2/repository/org/glassfish/jersey/test-framework/providers/jersey-test-framework-provider-jdk-http/2.4.1/jersey-test-framework-provider-jdk-http-2.4.1.jar:/Users/gokhangorali/.m2/repository/org/glassfish/jersey/containers/jersey-container-jdk-http/2.4.1/jersey-container-jdk-http-2.4.1.jar:/Users/gokhangorali/.m2/repository/org/glassfish/jersey/test-framework/providers/jersey-test-framework-provider-simple/2.4.1/jersey-test-framework-provider-simple-2.4.1.jar:/Users/gokhangorali/.m2/repository/org/glassfish/jersey/containers/jersey-container-simple-http/2.4.1/jersey-container-simple-http-2.4.1.jar:/Users/gokhangorali/.m2/repository/org/simpleframework/simple/5.1.4/simple-5.1.4.jar:/Users/gokhangorali/.m2/repository/junit/junit/4.11/junit-4.11.jar:/Users/gokhangorali/.m2/repository/org/hamcrest/hamcrest-core/1.3/hamcrest-core-1.3.jar:"/>
    <property name="java.specification.name" value="Java Platform API Specification"/>
    <property name="java.class.version" value="50.0"/>
    <property name="sun.management.compiler" value="HotSpot 64-Bit Tiered Compilers"/>
    <property name="os.version" value="10.7.4"/>
    <property name="http.nonProxyHosts" value="local|*.local|169.254/16|*.169.254/16"/>
    <property name="user.home" value="/Users/gokhangorali"/>
    <property name="user.timezone" value="Europe/Istanbul"/>
    <property name="java.awt.printerjob" value="apple.awt.CPrinterJob"/>
    <property name="java.specification.version" value="1.6"/>
    <property name="file.encoding" value="MacRoman"/>
    <property name="user.name" value="gokhangorali"/>
    <property name="java.class.path" value="/Users/gokhangorali/workspace/trail/target/test-classes:/Users/gokhangorali/workspace/trail/target/classes:/Users/gokhangorali/.m2/repository/javax/ws/rs/javax.ws.rs-api/2.0/javax.ws.rs-api-2.0.jar:/Users/gokhangorali/.m2/repository/org/glassfish/jersey/containers/jersey-container-servlet/2.4.1/jersey-container-servlet-2.4.1.jar:/Users/gokhangorali/.m2/repository/org/glassfish/jersey/core/jersey-common/2.4.1/jersey-common-2.4.1.jar:/Users/gokhangorali/.m2/repository/javax/annotation/javax.annotation-api/1.2/javax.annotation-api-1.2.jar:/Users/gokhangorali/.m2/repository/org/glassfish/hk2/osgi-resource-locator/1.0.1/osgi-resource-locator-1.0.1.jar:/Users/gokhangorali/.m2/repository/org/glassfish/jersey/core/jersey-server/2.4.1/jersey-server-2.4.1.jar:/Users/gokhangorali/.m2/repository/javax/validation/validation-api/1.1.0.Final/validation-api-1.1.0.Final.jar:/Users/gokhangorali/.m2/repository/org/glassfish/jersey/containers/jersey-container-servlet-core/2.4.1/jersey-container-servlet-core-2.4.1.jar:/Users/gokhangorali/.m2/repository/org/glassfish/hk2/external/javax.inject/2.2.0-b21/javax.inject-2.2.0-b21.jar:/Users/gokhangorali/.m2/repository/org/glassfish/jersey/core/jersey-client/2.4.1/jersey-client-2.4.1.jar:/Users/gokhangorali/.m2/repository/com/google/guava/guava/14.0.1/guava-14.0.1.jar:/Users/gokhangorali/.m2/repository/org/glassfish/hk2/hk2-api/2.2.0-b21/hk2-api-2.2.0-b21.jar:/Users/gokhangorali/.m2/repository/org/glassfish/hk2/hk2-utils/2.2.0-b21/hk2-utils-2.2.0-b21.jar:/Users/gokhangorali/.m2/repository/org/glassfish/hk2/hk2-locator/2.2.0-b21/hk2-locator-2.2.0-b21.jar:/Users/gokhangorali/.m2/repository/org/glassfish/hk2/external/asm-all-repackaged/2.2.0-b21/asm-all-repackaged-2.2.0-b21.jar:/Users/gokhangorali/.m2/repository/org/glassfish/hk2/external/cglib/2.2.0-b21/cglib-2.2.0-b21.jar:/Users/gokhangorali/.m2/repository/org/glassfish/jersey/media/jersey-media-moxy/2.4.1/jersey-media-moxy-2.4.1.jar:/Users/gokhangorali/.m2/repository/org/glassfish/jersey/ext/jersey-entity-filtering/2.4.1/jersey-entity-filtering-2.4.1.jar:/Users/gokhangorali/.m2/repository/org/eclipse/persistence/org.eclipse.persistence.moxy/2.5.0/org.eclipse.persistence.moxy-2.5.0.jar:/Users/gokhangorali/.m2/repository/org/eclipse/persistence/org.eclipse.persistence.core/2.5.0/org.eclipse.persistence.core-2.5.0.jar:/Users/gokhangorali/.m2/repository/org/eclipse/persistence/org.eclipse.persistence.asm/2.5.0/org.eclipse.persistence.asm-2.5.0.jar:/Users/gokhangorali/.m2/repository/org/eclipse/persistence/org.eclipse.persistence.antlr/2.5.0/org.eclipse.persistence.antlr-2.5.0.jar:/Users/gokhangorali/.m2/repository/org/glassfish/jersey/test-framework/providers/jersey-test-framework-provider-grizzly2/2.4.1/jersey-test-framework-provider-grizzly2-2.4.1.jar:/Users/gokhangorali/.m2/repository/org/glassfish/jersey/test-framework/jersey-test-framework-core/2.4.1/jersey-test-framework-core-2.4.1.jar:/Users/gokhangorali/.m2/repository/org/glassfish/jersey/containers/jersey-container-grizzly2-http/2.4.1/jersey-container-grizzly2-http-2.4.1.jar:/Users/gokhangorali/.m2/repository/org/glassfish/grizzly/grizzly-http-server/2.3.3/grizzly-http-server-2.3.3.jar:/Users/gokhangorali/.m2/repository/org/glassfish/grizzly/grizzly-http/2.3.3/grizzly-http-2.3.3.jar:/Users/gokhangorali/.m2/repository/org/glassfish/grizzly/grizzly-framework/2.3.3/grizzly-framework-2.3.3.jar:/Users/gokhangorali/.m2/repository/org/glassfish/grizzly/grizzly-rcm/2.3.3/grizzly-rcm-2.3.3.jar:/Users/gokhangorali/.m2/repository/org/glassfish/jersey/test-framework/providers/jersey-test-framework-provider-inmemory/2.4.1/jersey-test-framework-provider-inmemory-2.4.1.jar:/Users/gokhangorali/.m2/repository/org/glassfish/jersey/test-framework/providers/jersey-test-framework-provider-external/2.4.1/jersey-test-framework-provider-external-2.4.1.jar:/Users/gokhangorali/.m2/repository/org/glassfish/jersey/test-framework/providers/jersey-test-framework-provider-default-client/2.4.1/jersey-test-framework-provider-default-client-2.4.1.jar:/Users/gokhangorali/.m2/repository/org/glassfish/jersey/test-framework/providers/jersey-test-framework-provider-jdk-http/2.4.1/jersey-test-framework-provider-jdk-http-2.4.1.jar:/Users/gokhangorali/.m2/repository/org/glassfish/jersey/containers/jersey-container-jdk-http/2.4.1/jersey-container-jdk-http-2.4.1.jar:/Users/gokhangorali/.m2/repository/org/glassfish/jersey/test-framework/providers/jersey-test-framework-provider-simple/2.4.1/jersey-test-framework-provider-simple-2.4.1.jar:/Users/gokhangorali/.m2/repository/org/glassfish/jersey/containers/jersey-container-simple-http/2.4.1/jersey-container-simple-http-2.4.1.jar:/Users/gokhangorali/.m2/repository/org/simpleframework/simple/5.1.4/simple-5.1.4.jar:/Users/gokhangorali/.m2/repository/junit/junit/4.11/junit-4.11.jar:/Users/gokhangorali/.m2/repository/org/hamcrest/hamcrest-core/1.3/hamcrest-core-1.3.jar:"/>
    <property name="java.vm.specification.version" value="1.0"/>
    <property name="sun.arch.data.model" value="64"/>
    <property name="java.home" value="/System/Library/Java/JavaVirtualMachines/1.6.0.jdk/Contents/Home"/>
    <property name="sun.java.command" value="/Users/gokhangorali/workspace/trail/target/surefire/surefirebooter1273412412204900064.jar /Users/gokhangorali/workspace/trail/target/surefire/surefire2811653994382512001tmp /Users/gokhangorali/workspace/trail/target/surefire/surefire5051735685869699780tmp"/>
    <property name="java.specification.vendor" value="Sun Microsystems Inc."/>
    <property name="user.language" value="en"/>
    <property name="awt.toolkit" value="apple.awt.CToolkit"/>
    <property name="java.vm.info" value="mixed mode"/>
    <property name="java.version" value="1.6.0_33"/>
    <property name="java.ext.dirs" value="/Library/Java/Extensions:/System/Library/Java/Extensions:/System/Library/Java/JavaVirtualMachines/1.6.0.jdk/Contents/Home/lib/ext"/>
    <property name="sun.boot.class.path" value="/System/Library/Java/JavaVirtualMachines/1.6.0.jdk/Contents/Classes/jsfd.jar:/System/Library/Java/JavaVirtualMachines/1.6.0.jdk/Contents/Classes/classes.jar:/System/Library/Frameworks/JavaVM.framework/Frameworks/JavaRuntimeSupport.framework/Resources/Java/JavaRuntimeSupport.jar:/System/Library/Java/JavaVirtualMachines/1.6.0.jdk/Contents/Classes/ui.jar:/System/Library/Java/JavaVirtualMachines/1.6.0.jdk/Contents/Classes/laf.jar:/System/Library/Java/JavaVirtualMachines/1.6.0.jdk/Contents/Classes/sunrsasign.jar:/System/Library/Java/JavaVirtualMachines/1.6.0.jdk/Contents/Classes/jsse.jar:/System/Library/Java/JavaVirtualMachines/1.6.0.jdk/Contents/Classes/jce.jar:/System/Library/Java/JavaVirtualMachines/1.6.0.jdk/Contents/Classes/charsets.jar"/>
    <property name="java.vendor" value="Apple Inc."/>
    <property name="localRepository" value="/Users/gokhangorali/.m2/repository"/>
    <property name="file.separator" value="/"/>
    <property name="java.vendor.url.bug" value="http://bugreport.apple.com/"/>
    <property name="sun.cpu.endian" value="little"/>
    <property name="sun.io.unicode.encoding" value="UnicodeLittle"/>
    <property name="mrj.version" value="1070.1.6.0_33-424"/>
    <property name="socksNonProxyHosts" value="local|*.local|169.254/16|*.169.254/16"/>
    <property name="ftp.nonProxyHosts" value="local|*.local|169.254/16|*.169.254/16"/>
    <property name="sun.cpu.isalist" value=""/>
  </properties>
  <testcase time="0.959" classname="trail.rest.TrailApplicationTest" name="testAddContact"/>
</testsuite>